<?xml version="1.0" ?>
<testsuite errors="0" failures="3" name="IOLibraryTest-20240929160209" tests="15" time="1.378">
	<testcase classname="IOLibraryTest" name="test_print_char" time="0.081"/>
	<testcase classname="IOLibraryTest" name="test_print_int" time="0.124"/>
	<testcase classname="IOLibraryTest" name="test_print_string" time="0.078"/>
	<testcase classname="IOLibraryTest" name="test_print_uint" time="0.139"/>
	<testcase classname="IOLibraryTest" name="test_read_char" time="0.171"/>
	<testcase classname="IOLibraryTest" name="test_read_word" time="0.031"/>
	<testcase classname="IOLibraryTest" name="test_read_word_length" time="0.215"/>
	<testcase classname="IOLibraryTest" name="test_read_word_too_long" time="0.065"/>
	<testcase classname="IOLibraryTest" name="test_string_copy_too_long" time="0.086"/>
	<testcase classname="IOLibraryTest" name="test_string_equals" time="0.110"/>
	<testcase classname="IOLibraryTest" name="test_string_length" time="0.081"/>
	<testcase classname="IOLibraryTest" name="test_string_not_equals" time="0.112"/>
	<testcase classname="IOLibraryTest" name="test_parse_int" time="0.035">
		<failure message="parse_int('0') returned wrong length: 0, expected: 1" type="AssertionError">
<![CDATA[AssertionError: parse_int('0') returned wrong length: 0, expected: 1
]]>		</failure>
	</testcase>
	<testcase classname="IOLibraryTest" name="test_parse_uint" time="0.025">
		<failure message="parse_uint('0') returned wrong length: 0, expected: 1" type="AssertionError">
<![CDATA[AssertionError: parse_uint('0') returned wrong length: 0, expected: 1
]]>		</failure>
	</testcase>
	<testcase classname="IOLibraryTest" name="test_string_copy" time="0.026">
		<failure message="string_copy('ashdb asdhabs dahb') put wrong string into buffer: u'BBBBBBBBBBBBBBBBBBB'" type="AssertionError">
<![CDATA[AssertionError: string_copy('ashdb asdhabs dahb') put wrong string into buffer: u'BBBBBBBBBBBBBBBBBBB'
]]>		</failure>
	</testcase>
	<system-out>
<![CDATA[]]>	</system-out>
	<system-err>
<![CDATA[]]>	</system-err>
</testsuite>
