<?xml version="1.0" ?>
<testsuite errors="0" failures="8" name="IOLibraryTest-20240915145111" tests="15" time="0.924">
	<testcase classname="IOLibraryTest" name="test_print_char" time="0.065"/>
	<testcase classname="IOLibraryTest" name="test_print_string" time="0.064"/>
	<testcase classname="IOLibraryTest" name="test_read_char" time="0.161"/>
	<testcase classname="IOLibraryTest" name="test_string_copy_too_long" time="0.068"/>
	<testcase classname="IOLibraryTest" name="test_string_equals" time="0.086"/>
	<testcase classname="IOLibraryTest" name="test_string_length" time="0.065"/>
	<testcase classname="IOLibraryTest" name="test_string_not_equals" time="0.076"/>
	<testcase classname="IOLibraryTest" name="test_parse_int" time="0.027">
		<failure message="parse_int('0') parsed wrong number: u'', expected: '0'" type="AssertionError">
<![CDATA[AssertionError: parse_int('0') parsed wrong number: u'', expected: '0'
]]>		</failure>
	</testcase>
	<testcase classname="IOLibraryTest" name="test_parse_uint" time="0.021">
		<failure message="parse_uint('0') parsed wrong number: u'', expected: '0'" type="AssertionError">
<![CDATA[AssertionError: parse_uint('0') parsed wrong number: u'', expected: '0'
]]>		</failure>
	</testcase>
	<testcase classname="IOLibraryTest" name="test_print_int" time="0.025">
		<failure message="print_int('-1') printed wrong number: u''" type="AssertionError">
<![CDATA[AssertionError: print_int('-1') printed wrong number: u''
]]>		</failure>
	</testcase>
	<testcase classname="IOLibraryTest" name="test_print_uint" time="0.022">
		<failure message="print_uint('-1') printed wrong number: u'', expected: '18446744073709551615'" type="AssertionError">
<![CDATA[AssertionError: print_uint('-1') printed wrong number: u'', expected: '18446744073709551615'
]]>		</failure>
	</testcase>
	<testcase classname="IOLibraryTest" name="test_read_word" time="0.182">
		<failure message="segmentation fault" type="AssertionError">
<![CDATA[AssertionError: segmentation fault
]]>		</failure>
	</testcase>
	<testcase classname="IOLibraryTest" name="test_read_word_length" time="0.024">
		<failure message="read_word('-1') returned incorrect length: 0, expected: 2" type="AssertionError">
<![CDATA[AssertionError: read_word('-1') returned incorrect length: 0, expected: 2
]]>		</failure>
	</testcase>
	<testcase classname="IOLibraryTest" name="test_read_word_too_long" time="0.018">
		<failure message="read_word('asdbaskdbaksvbaskvhbashvbasdasdads wewe') overflows buffer, but does not fail" type="AssertionError">
<![CDATA[AssertionError: read_word('asdbaskdbaksvbaskvhbashvbasdasdads wewe') overflows buffer, but does not fail
]]>		</failure>
	</testcase>
	<testcase classname="IOLibraryTest" name="test_string_copy" time="0.020">
		<failure message="string_copy('ashdb asdhabs dahb') put wrong string into buffer: u'BBBBBBBBBBBBBBBBBBB'" type="AssertionError">
<![CDATA[AssertionError: string_copy('ashdb asdhabs dahb') put wrong string into buffer: u'BBBBBBBBBBBBBBBBBBB'
]]>		</failure>
	</testcase>
	<system-out>
<![CDATA[]]>	</system-out>
	<system-err>
<![CDATA[]]>	</system-err>
</testsuite>
