<?xml version="1.0" ?>
<testsuite errors="0" failures="1" name="IOLibraryTest-20240929173510" tests="15" time="1.615">
	<testcase classname="IOLibraryTest" name="test_parse_int" time="0.160"/>
	<testcase classname="IOLibraryTest" name="test_parse_uint" time="0.089"/>
	<testcase classname="IOLibraryTest" name="test_print_char" time="0.079"/>
	<testcase classname="IOLibraryTest" name="test_print_int" time="0.143"/>
	<testcase classname="IOLibraryTest" name="test_print_string" time="0.090"/>
	<testcase classname="IOLibraryTest" name="test_print_uint" time="0.133"/>
	<testcase classname="IOLibraryTest" name="test_read_char" time="0.197"/>
	<testcase classname="IOLibraryTest" name="test_read_word" time="0.033"/>
	<testcase classname="IOLibraryTest" name="test_read_word_length" time="0.214"/>
	<testcase classname="IOLibraryTest" name="test_read_word_too_long" time="0.060"/>
	<testcase classname="IOLibraryTest" name="test_string_copy_too_long" time="0.097"/>
	<testcase classname="IOLibraryTest" name="test_string_equals" time="0.117"/>
	<testcase classname="IOLibraryTest" name="test_string_length" time="0.077"/>
	<testcase classname="IOLibraryTest" name="test_string_not_equals" time="0.098"/>
	<testcase classname="IOLibraryTest" name="test_string_copy" time="0.029">
		<failure message="string_copy('ashdb asdhabs dahb') put wrong string into buffer: u'BBBBBBBBBBBBBBBBBBB'" type="AssertionError">
<![CDATA[AssertionError: string_copy('ashdb asdhabs dahb') put wrong string into buffer: u'BBBBBBBBBBBBBBBBBBB'
]]>		</failure>
	</testcase>
	<system-out>
<![CDATA[]]>	</system-out>
	<system-err>
<![CDATA[]]>	</system-err>
</testsuite>
