<?xml version="1.0" ?>
<testsuite errors="0" failures="2" name="IOLibraryTest-20240929170237" tests="15" time="1.509">
	<testcase classname="IOLibraryTest" name="test_parse_uint" time="0.087"/>
	<testcase classname="IOLibraryTest" name="test_print_char" time="0.073"/>
	<testcase classname="IOLibraryTest" name="test_print_int" time="0.153"/>
	<testcase classname="IOLibraryTest" name="test_print_string" time="0.088"/>
	<testcase classname="IOLibraryTest" name="test_print_uint" time="0.159"/>
	<testcase classname="IOLibraryTest" name="test_read_char" time="0.199"/>
	<testcase classname="IOLibraryTest" name="test_read_word" time="0.038"/>
	<testcase classname="IOLibraryTest" name="test_read_word_length" time="0.204"/>
	<testcase classname="IOLibraryTest" name="test_read_word_too_long" time="0.058"/>
	<testcase classname="IOLibraryTest" name="test_string_copy_too_long" time="0.098"/>
	<testcase classname="IOLibraryTest" name="test_string_equals" time="0.118"/>
	<testcase classname="IOLibraryTest" name="test_string_length" time="0.067"/>
	<testcase classname="IOLibraryTest" name="test_string_not_equals" time="0.103"/>
	<testcase classname="IOLibraryTest" name="test_parse_int" time="0.038">
		<failure message="parse_int('0') returned wrong length: 0, expected: 1" type="AssertionError">
<![CDATA[AssertionError: parse_int('0') returned wrong length: 0, expected: 1
]]>		</failure>
	</testcase>
	<testcase classname="IOLibraryTest" name="test_string_copy" time="0.025">
		<failure message="string_copy('ashdb asdhabs dahb') put wrong string into buffer: u'BBBBBBBBBBBBBBBBBBB'" type="AssertionError">
<![CDATA[AssertionError: string_copy('ashdb asdhabs dahb') put wrong string into buffer: u'BBBBBBBBBBBBBBBBBBB'
]]>		</failure>
	</testcase>
	<system-out>
<![CDATA[]]>	</system-out>
	<system-err>
<![CDATA[]]>	</system-err>
</testsuite>
